<?xml version="1.0" encoding="UTF-8" ?>
<testsuite errors="0" failures="0" hostname="Anupam" name="test.SuiteRunner" skipped="0" tests="3" time="35.021" timestamp="2016-03-06T19:30:45">
  <properties>
    <property name="java.vendor" value="Oracle Corporation" />
    <property name="env.USERDOMAIN_ROAMINGPROFILE" value="ANUPAM" />
    <property name="sun.java.launcher" value="SUN_STANDARD" />
    <property name="start.time" value="03/06/2016 02:30 PM" />
    <property name="env.TVT" value="C:\Program Files (x86)\Lenovo" />
    <property name="sun.management.compiler" value="HotSpot Client Compiler" />
    <property name="env.PROMPT" value="$P$G" />
    <property name="test.reportsDir" value="C:\Khushboo&apos;s Workspace\Copy of Module12_saleforce/report" />
    <property name="os.name" value="Windows 8.1" />
    <property name="env.FP_NO_HOST_CHECK" value="NO" />
    <property name="sun.boot.class.path" value="C:\Program Files\Java\jdk1.7.0_79\jre\lib\resources.jar;C:\Program Files\Java\jdk1.7.0_79\jre\lib\rt.jar;C:\Program Files\Java\jdk1.7.0_79\jre\lib\sunrsasign.jar;C:\Program Files\Java\jdk1.7.0_79\jre\lib\jsse.jar;C:\Program Files\Java\jdk1.7.0_79\jre\lib\jce.jar;C:\Program Files\Java\jdk1.7.0_79\jre\lib\charsets.jar;C:\Program Files\Java\jdk1.7.0_79\jre\lib\jfr.jar;C:\Program Files\Java\jdk1.7.0_79\jre\classes" />
    <property name="ws.home" value="C:\Khushboo&apos;s Workspace\Copy of Module12_saleforce" />
    <property name="env.COMPUTERNAME" value="ANUPAM" />
    <property name="env.CommonProgramW6432" value="C:\Program Files\Common Files" />
    <property name="TODAY" value="March 6 2016" />
    <property name="env.ALLUSERSPROFILE" value="C:\ProgramData" />
    <property name="sun.desktop" value="windows" />
    <property name="java.vm.specification.vendor" value="Oracle Corporation" />
    <property name="ant.home" value="C:\apache-ant-1.9.4-bin\apache-ant-1.9.4" />
    <property name="java.runtime.version" value="1.7.0_79-b15" />
    <property name="env.HOMEPATH" value="\Users\anupam" />
    <property name="test.classpath" value="C:\Users\anupam\Downloads\All Jars\dom4j-1.1.jar:C:\Users\anupam\Downloads\All Jars\junit.jar:C:\Users\anupam\Downloads\All Jars\poi-3.6-20091214.jar:C:\Users\anupam\Downloads\All Jars\poi-ooxml-3.6-20091214.jar:C:\Users\anupam\Downloads\All Jars\poi-ooxml-schemas-3.6-20091214.jar:C:\Users\anupam\Downloads\All Jars\selenium-server-standalone-2.52.0.jar:C:\Users\anupam\Downloads\All Jars\xmlbeans-2.3.0.jar" />
    <property name="user.name" value="anupam" />
    <property name="user.language" value="en" />
    <property name="sun.boot.library.path" value="C:\Program Files\Java\jdk1.7.0_79\jre\bin" />
    <property name="env.LR_PATH" value="C:\Program Files (x86)\HP\LoadRunner\" />
    <property name="ant.project.default-target" value="usage" />
    <property name="ant.project.name" value="Copy of Module12_saleforce" />
    <property name="DSTAMP" value="20160306" />
    <property name="java.version" value="1.7.0_79" />
    <property name="env.PROCESSOR_IDENTIFIER" value="Intel64 Family 6 Model 61 Stepping 4, GenuineIntel" />
    <property name="user.timezone" value="" />
    <property name="env.TEMP" value="C:\Users\anupam\AppData\Local\Temp" />
    <property name="sun.arch.data.model" value="32" />
    <property name="java.endorsed.dirs" value="C:\Program Files\Java\jdk1.7.0_79\jre\lib\endorsed" />
    <property name="env.PROCESSOR_ARCHITEW6432" value="AMD64" />
    <property name="env._JAVACMD" value="C:\Program Files\Java\jdk1.7.0_79\bin\java.exe" />
    <property name="sun.cpu.isalist" value="pentium_pro+mmx pentium_pro pentium+mmx pentium i486 i386 i86" />
    <property name="env.HOMEDRIVE" value="C:" />
    <property name="sun.jnu.encoding" value="Cp1252" />
    <property name="file.encoding.pkg" value="sun.io" />
    <property name="file.separator" value="\" />
    <property name="java.specification.name" value="Java Platform API Specification" />
    <property name="java.class.version" value="51.0" />
    <property name="user.country" value="US" />
    <property name="java.home" value="C:\Program Files\Java\jdk1.7.0_79\jre" />
    <property name="env.PSModulePath" value="C:\WINDOWS\system32\WindowsPowerShell\v1.0\Modules\" />
    <property name="env.APPDATA" value="C:\Users\anupam\AppData\Roaming" />
    <property name="env.PUBLIC" value="C:\Users\Public" />
    <property name="java.vm.info" value="mixed mode, sharing" />
    <property name="env.ComSpec" value="C:\WINDOWS\system32\cmd.exe" />
    <property name="env.OS" value="Windows_NT" />
    <property name="env.CommonProgramFiles" value="C:\Program Files (x86)\Common Files" />
    <property name="ant.file" value="C:\Khushboo&apos;s Workspace\Copy of Module12_saleforce\build.xml" />
    <property name="os.version" value="6.3" />
    <property name="env.ProgramW6432" value="C:\Program Files" />
    <property name="env._USE_CLASSPATH" value="no" />
    <property name="env.configsetroot" value="C:\WINDOWS\ConfigSetRoot" />
    <property name="ws.jar" value="C:\Users\anupam\Downloads\All Jars" />
    <property name="env.=::" value="::\" />
    <property name="path.separator" value=";" />
    <property name="java.vm.version" value="24.79-b02" />
    <property name="env.VUGEN_PATH" value="C:\Program Files (x86)\HP\LoadRunner\" />
    <property name="user.variant" value="" />
    <property name="env.USERPROFILE" value="C:\Users\anupam" />
    <property name="ant.library.dir" value="C:\apache-ant-1.9.4-bin\apache-ant-1.9.4\lib" />
    <property name="env.JAVA_HOME" value="C:\Program Files\Java\jdk1.7.0_79" />
    <property name="java.awt.printerjob" value="sun.awt.windows.WPrinterJob" />
    <property name="env.TMP" value="C:\Users\anupam\AppData\Local\Temp" />
    <property name="env.FPS_BROWSER_USER_PROFILE_STRING" value="Default" />
    <property name="sun.io.unicode.encoding" value="UnicodeLittle" />
    <property name="awt.toolkit" value="sun.awt.windows.WToolkit" />
    <property name="env.LG_PATH" value="C:\Program Files (x86)\HP\LoadRunner\" />
    <property name="user.script" value="" />
    <property name="user.home" value="C:\Users\anupam" />
    <property name="test.dest" value="C:\Khushboo&apos;s Workspace\Copy of Module12_saleforce/build" />
    <property name="env.ProgramData" value="C:\ProgramData" />
    <property name="env.ProgramFiles(x86)" value="C:\Program Files (x86)" />
    <property name="env.SESSIONNAME" value="Console" />
    <property name="java.specification.vendor" value="Oracle Corporation" />
    <property name="env.M2_HOME" value="C:\Users\anupam\Downloads\apache-maven-3.3.9-bin\apache-maven-3.3.9" />
    <property name="env.NUMBER_OF_PROCESSORS" value="4" />
    <property name="java.library.path" value="C:\Program Files\Java\jdk1.7.0_79\jre\bin;C:\WINDOWS\Sun\Java\bin;C:\WINDOWS\system32;C:\WINDOWS;C:\Program Files (x86)\Shunra\lib\shunra\vcat;C:\ProgramData\Oracle\Java\javapath;C:\Program Files (x86)\Intel\iCLS Client\;C:\Program Files\Intel\iCLS Client\;C:\WINDOWS\system32;C:\WINDOWS;C:\WINDOWS\System32\Wbem;C:\WINDOWS\System32\WindowsPowerShell\v1.0\;C:\Program Files\Intel\Intel(R) Management Engine Components\DAL;C:\Program Files (x86)\Intel\Intel(R) Management Engine Components\DAL;C:\Program Files\Intel\Intel(R) Management Engine Components\IPT;C:\Program Files (x86)\Intel\Intel(R) Management Engine Components\IPT;C:\Program Files\Intel\WiFi\bin\;C:\Program Files\Common Files\Intel\WirelessCommon\;C:\ProgramData\Lenovo\ReadyApps;C:\apache-ant-1.9.4-bin\apache-ant-1.9.4\bin;C:\Program Files (x86)\HP\LoadRunner\strawberry-perl\perl\bin;C:\Program Files (x86)\Shunra\lib\thirdparty\safenet\LDK\6.3;C:\Program Files (x86)\Skype\Phone\;C:\Users\anupam\Downloads\apache-maven-3.3.9-bin\apache-maven-3.3.9\bin;." />
    <property name="java.vendor.url" value="http://java.oracle.com/" />
    <property name="java.vm.vendor" value="Oracle Corporation" />
    <property name="java.runtime.name" value="Java(TM) SE Runtime Environment" />
    <property name="java.class.path" value="C:\Khushboo&apos;s Workspace\Copy of Module12_saleforce\build;C:\Users\anupam\Downloads\All Jars\dom4j-1.1.jar;C:\Users\anupam\Downloads\All Jars\junit.jar;C:\Users\anupam\Downloads\All Jars\poi-3.6-20091214.jar;C:\Users\anupam\Downloads\All Jars\poi-ooxml-3.6-20091214.jar;C:\Users\anupam\Downloads\All Jars\poi-ooxml-schemas-3.6-20091214.jar;C:\Users\anupam\Downloads\All Jars\selenium-server-standalone-2.52.0.jar;C:\Users\anupam\Downloads\All Jars\xmlbeans-2.3.0.jar;C:\apache-ant-1.9.4-bin\apache-ant-1.9.4\lib\ant-launcher.jar;C:\apache-ant-1.9.4-bin\apache-ant-1.9.4\lib\ant.jar;C:\apache-ant-1.9.4-bin\apache-ant-1.9.4\lib\ant-junit.jar;C:\apache-ant-1.9.4-bin\apache-ant-1.9.4\lib\ant-junit4.jar" />
    <property name="sun.java.command" value="org.apache.tools.ant.taskdefs.optional.junit.JUnitTestRunner test.SuiteRunner skipNonTests=false filtertrace=true haltOnError=false haltOnFailure=false formatter=org.apache.tools.ant.taskdefs.optional.junit.SummaryJUnitResultFormatter showoutput=false outputtoformatters=true logfailedtests=true threadid=0 logtestlistenerevents=false formatter=org.apache.tools.ant.taskdefs.optional.junit.XMLJUnitResultFormatter,C:\Khushboo&apos;s Workspace\Copy of Module12_saleforce\report\TEST-test.SuiteRunner.xml crashfile=C:\Khushboo&apos;s Workspace\Copy of Module12_saleforce\junitvmwatcher3031853378486002221.properties propsfile=C:\Khushboo&apos;s Workspace\Copy of Module12_saleforce\junit18329438076853966.properties" />
    <property name="ant.version" value="Apache Ant(TM) version 1.9.4 compiled on April 29 2014" />
    <property name="TSTAMP" value="1430" />
    <property name="env.READYAPPS" value="C:\ProgramData\Lenovo\ReadyApps" />
    <property name="ant.file.type.Copy of Module12_saleforce" value="file" />
    <property name="java.vm.specification.name" value="Java Virtual Machine Specification" />
    <property name="ant.file.type" value="file" />
    <property name="env.windir" value="C:\WINDOWS" />
    <property name="env.LOGONSERVER" value="\\MicrosoftAccount" />
    <property name="env.PROCESSOR_ARCHITECTURE" value="x86" />
    <property name="java.vm.specification.version" value="1.7" />
    <property name="sun.cpu.endian" value="little" />
    <property name="sun.os.patch.level" value="" />
    <property name="env.ANT_HOME" value="C:\apache-ant-1.9.4-bin\apache-ant-1.9.4" />
    <property name="env.ProgramFiles" value="C:\Program Files (x86)" />
    <property name="env.PROCESSOR_REVISION" value="3d04" />
    <property name="java.io.tmpdir" value="C:\Users\anupam\AppData\Local\Temp\" />
    <property name="env.CommonProgramFiles(x86)" value="C:\Program Files (x86)\Common Files" />
    <property name="test.src" value="C:\Khushboo&apos;s Workspace\Copy of Module12_saleforce/src" />
    <property name="java.vendor.url.bug" value="http://bugreport.sun.com/bugreport/" />
    <property name="env.SystemRoot" value="C:\WINDOWS" />
    <property name="env.FPS_BROWSER_APP_PROFILE_STRING" value="Internet Explorer" />
    <property name="os.arch" value="x86" />
    <property name="env.ANT_CMD_LINE_ARGS" value=" clean compile run" />
    <property name="java.awt.graphicsenv" value="sun.awt.Win32GraphicsEnvironment" />
    <property name="java.ext.dirs" value="C:\Program Files\Java\jdk1.7.0_79\jre\lib\ext;C:\WINDOWS\Sun\Java\lib\ext" />
    <property name="user.dir" value="C:\Khushboo&apos;s Workspace\Copy of Module12_saleforce" />
    <property name="env.LOCALAPPDATA" value="C:\Users\anupam\AppData\Local" />
    <property name="ant.file.Copy of Module12_saleforce" value="C:\Khushboo&apos;s Workspace\Copy of Module12_saleforce\build.xml" />
    <property name="line.separator" value="&#xd;&#xa;" />
    <property name="java.vm.name" value="Java HotSpot(TM) Client VM" />
    <property name="ANT" value="C:\apache-ant-1.9.4-bin\apache-ant-1.9.4/bin/ant.bat" />
    <property name="env.PATHEXT" value=".COM;.EXE;.BAT;.CMD;.VBS;.VBE;.JS;.JSE;.WSF;.WSH;.MSC" />
    <property name="env.Path" value="C:\Program Files (x86)\Shunra\lib\shunra\vcat;C:\ProgramData\Oracle\Java\javapath;C:\Program Files (x86)\Intel\iCLS Client\;C:\Program Files\Intel\iCLS Client\;C:\WINDOWS\system32;C:\WINDOWS;C:\WINDOWS\System32\Wbem;C:\WINDOWS\System32\WindowsPowerShell\v1.0\;C:\Program Files\Intel\Intel(R) Management Engine Components\DAL;C:\Program Files (x86)\Intel\Intel(R) Management Engine Components\DAL;C:\Program Files\Intel\Intel(R) Management Engine Components\IPT;C:\Program Files (x86)\Intel\Intel(R) Management Engine Components\IPT;C:\Program Files\Intel\WiFi\bin\;C:\Program Files\Common Files\Intel\WirelessCommon\;C:\ProgramData\Lenovo\ReadyApps;C:\apache-ant-1.9.4-bin\apache-ant-1.9.4\bin;C:\Program Files (x86)\HP\LoadRunner\strawberry-perl\perl\bin;C:\Program Files (x86)\Shunra\lib\thirdparty\safenet\LDK\6.3;C:\Program Files (x86)\Skype\Phone\;C:\Users\anupam\Downloads\apache-maven-3.3.9-bin\apache-maven-3.3.9\bin" />
    <property name="basedir" value="C:\Khushboo&apos;s Workspace\Copy of Module12_saleforce" />
    <property name="env.easyplussdk" value="&quot;C:\Program Files (x86)\Common Files\lenovo\easyplussdk\bin&quot;" />
    <property name="ant.java.version" value="1.7" />
    <property name="ant.core.lib" value="C:\apache-ant-1.9.4-bin\apache-ant-1.9.4\lib\ant.jar" />
    <property name="env.USERNAME" value="anupam" />
    <property name="env.SystemDrive" value="C:" />
    <property name="file.encoding" value="Cp1252" />
    <property name="env.USERDOMAIN" value="ANUPAM" />
    <property name="java.specification.version" value="1.7" />
    <property name="env.=C:" value="C:\Khushboo&apos;s Workspace\Copy of Module12_saleforce" />
    <property name="ant.project.invoked-targets" value="clean,compile,run" />
    <property name="env.ANALYSIS_PATH" value="C:\Program Files (x86)\HP\LoadRunner\" />
    <property name="env.LOG_FILE" value="C:\Users\anupam\AppData\Local\Temp\\ihp_custom_batches.log" />
    <property name="env.PROCESSOR_LEVEL" value="6" />
    <property name="env.VBOX_MSI_INSTALL_PATH" value="C:\Program Files\Oracle\VirtualBox\" />
  </properties>
  <testcase classname="test.LoginTest" name="loginTest" time="11.527" />
  <testcase classname="test.NavigateProspect" name="navigateToProspect" time="2.413" />
  <testcase classname="test.CreateProspectList" name="createPospectList[0]" time="21.034" />
  <system-out><![CDATA[Collecting data
Test Name -- Prospect
total rows -- 2
total cols -- 8
java.io.FileInputStream@13b1f1b
Before Success
After Success
]]></system-out>
  <system-err><![CDATA[]]></system-err>
</testsuite>
